# project  configured on Wed Apr 23 00:20:50 2025 by
# waf 2.0.19 (abi 20, python 30c02f0 on linux)
# using ./waf configure --rtems=/home/arshia/quick-start/rtems/6 --rtems-bsp=arm/xilinx_zynq_a9_qemu
#
----------------------------------------
Setting top to
/home/arshia/quick-start/app/matnr
----------------------------------------
Setting out to
/home/arshia/quick-start/app/matnr/build
-----------------------------------------
----------------------------------------
RTEMS Version
6
----------------------------------------
Architectures
arm-rtems6
----------------------------------------
Board Support Package (BSP)
arm-rtems6-xilinx_zynq_a9_qemu
----------------------------------------
Show commands
no
----------------------------------------
Long commands
no
----------------------------------------
Checking for program 'arm-rtems6-gcc'
/home/arshia/quick-start/rtems/6/bin/arm-rtems6-gcc
find program=['arm-rtems6-gcc'] paths=['/home/arshia/quick-start/rtems/6/bin'] var='ARM_RTEMS6_GCC' -> ['/home/arshia/quick-start/rtems/6/bin/arm-rtems6-gcc']
----------------------------------------
Checking for program 'arm-rtems6-g++'
/home/arshia/quick-start/rtems/6/bin/arm-rtems6-g++
find program=['arm-rtems6-g++'] paths=['/home/arshia/quick-start/rtems/6/bin'] var='ARM_RTEMS6_G++' -> ['/home/arshia/quick-start/rtems/6/bin/arm-rtems6-g++']
----------------------------------------
Checking for program 'arm-rtems6-gcc'
/home/arshia/quick-start/rtems/6/bin/arm-rtems6-gcc
find program=['arm-rtems6-gcc'] paths=['/home/arshia/quick-start/rtems/6/bin'] var='ARM_RTEMS6_GCC' -> ['/home/arshia/quick-start/rtems/6/bin/arm-rtems6-gcc']
----------------------------------------
Checking for program 'arm-rtems6-ld'
/home/arshia/quick-start/rtems/6/bin/arm-rtems6-ld
find program=['arm-rtems6-ld'] paths=['/home/arshia/quick-start/rtems/6/bin'] var='ARM_RTEMS6_LD' -> ['/home/arshia/quick-start/rtems/6/bin/arm-rtems6-ld']
----------------------------------------
Checking for program 'arm-rtems6-ar'
/home/arshia/quick-start/rtems/6/bin/arm-rtems6-ar
find program=['arm-rtems6-ar'] paths=['/home/arshia/quick-start/rtems/6/bin'] var='ARM_RTEMS6_AR' -> ['/home/arshia/quick-start/rtems/6/bin/arm-rtems6-ar']
----------------------------------------
Checking for program 'arm-rtems6-nm'
/home/arshia/quick-start/rtems/6/bin/arm-rtems6-nm
find program=['arm-rtems6-nm'] paths=['/home/arshia/quick-start/rtems/6/bin'] var='ARM_RTEMS6_NM' -> ['/home/arshia/quick-start/rtems/6/bin/arm-rtems6-nm']
-----------------------------------------
Checking for program 'arm-rtems6-objdump'
/home/arshia/quick-start/rtems/6/bin/arm-rtems6-objdump
find program=['arm-rtems6-objdump'] paths=['/home/arshia/quick-start/rtems/6/bin'] var='ARM_RTEMS6_OBJDUMP' -> ['/home/arshia/quick-start/rtems/6/bin/arm-rtems6-objdump']
-----------------------------------------
Checking for program 'arm-rtems6-objcopy'
/home/arshia/quick-start/rtems/6/bin/arm-rtems6-objcopy
find program=['arm-rtems6-objcopy'] paths=['/home/arshia/quick-start/rtems/6/bin'] var='ARM_RTEMS6_OBJCOPY' -> ['/home/arshia/quick-start/rtems/6/bin/arm-rtems6-objcopy']
-----------------------------------------
Checking for program 'arm-rtems6-readelf'
/home/arshia/quick-start/rtems/6/bin/arm-rtems6-readelf
find program=['arm-rtems6-readelf'] paths=['/home/arshia/quick-start/rtems/6/bin'] var='ARM_RTEMS6_READELF' -> ['/home/arshia/quick-start/rtems/6/bin/arm-rtems6-readelf']
-----------------------------------------
Checking for program 'arm-rtems6-strip'
/home/arshia/quick-start/rtems/6/bin/arm-rtems6-strip
find program=['arm-rtems6-strip'] paths=['/home/arshia/quick-start/rtems/6/bin'] var='ARM_RTEMS6_STRIP' -> ['/home/arshia/quick-start/rtems/6/bin/arm-rtems6-strip']
-----------------------------------------
Checking for program 'arm-rtems6-ranlib'
/home/arshia/quick-start/rtems/6/bin/arm-rtems6-ranlib
find program=['arm-rtems6-ranlib'] paths=['/home/arshia/quick-start/rtems/6/bin'] var='ARM_RTEMS6_RANLIB' -> ['/home/arshia/quick-start/rtems/6/bin/arm-rtems6-ranlib']
-----------------------------------------
Checking for program 'rtems-ld'
/home/arshia/quick-start/rtems/6/bin/rtems-ld
find program=['rtems-ld'] paths=['/home/arshia/quick-start/rtems/6/bin'] var='RTEMS_LD' -> ['/home/arshia/quick-start/rtems/6/bin/rtems-ld']
-----------------------------------------
Checking for program 'rtems-tld'
/home/arshia/quick-start/rtems/6/bin/rtems-tld
find program=['rtems-tld'] paths=['/home/arshia/quick-start/rtems/6/bin'] var='RTEMS_TLD' -> ['/home/arshia/quick-start/rtems/6/bin/rtems-tld']
-----------------------------------------
Checking for program 'rtems-syms'
/home/arshia/quick-start/rtems/6/bin/rtems-syms
find program=['rtems-syms'] paths=['/home/arshia/quick-start/rtems/6/bin'] var='RTEMS_SYMS' -> ['/home/arshia/quick-start/rtems/6/bin/rtems-syms']
-----------------------------------------
Checking for program 'rtems-bin2c'
/home/arshia/quick-start/rtems/6/bin/rtems-bin2c
find program=['rtems-bin2c'] paths=['/home/arshia/quick-start/rtems/6/bin'] var='RTEMS_BIN2C' -> ['/home/arshia/quick-start/rtems/6/bin/rtems-bin2c']
-----------------------------------------
Checking for program 'tar'
/usr/bin/tar
find program=['tar'] paths=['/home/arshia/.pyenv/versions/3.12.2/bin', '/home/arshia/.pyenv/libexec', '/home/arshia/.pyenv/plugins/python-build/bin', '/home/arshia/.pyenv/plugins/pyenv-virtualenv/bin', '/home/arshia/.pyenv/plugins/pyenv-update/bin', '/home/arshia/.pyenv/plugins/pyenv-doctor/bin', '/home/arshia/quick-start/rtems/6/bin', '/home/arshia/quick-start/rtems/6/bin', '/home/arshia/quick-start/rtems/6/bin', '/home/arshia/quick-start/rtems/6/bin', '/home/arshia/quick-start/rtems/6/bin', '/home/arshia/.pyenv/shims', '/home/arshia/.pyenv/bin', '/home/arshia/.local/bin', '/home/arshia/bin', '/usr/local/sbin', '/usr/local/bin', '/usr/sbin', '/usr/bin', '/sbin', '/bin', '/usr/games', '/usr/local/games', '/snap/bin', '/snap/bin'] var='TAR' -> ['/usr/bin/tar']
-----------------------------------------
Checking for program 'gcc, cc'
/home/arshia/quick-start/rtems/6/bin/arm-rtems6-gcc
find program=['gcc', 'cc'] paths=['/home/arshia/.pyenv/versions/3.12.2/bin', '/home/arshia/.pyenv/libexec', '/home/arshia/.pyenv/plugins/python-build/bin', '/home/arshia/.pyenv/plugins/pyenv-virtualenv/bin', '/home/arshia/.pyenv/plugins/pyenv-update/bin', '/home/arshia/.pyenv/plugins/pyenv-doctor/bin', '/home/arshia/quick-start/rtems/6/bin', '/home/arshia/quick-start/rtems/6/bin', '/home/arshia/quick-start/rtems/6/bin', '/home/arshia/quick-start/rtems/6/bin', '/home/arshia/quick-start/rtems/6/bin', '/home/arshia/.pyenv/shims', '/home/arshia/.pyenv/bin', '/home/arshia/.local/bin', '/home/arshia/bin', '/usr/local/sbin', '/usr/local/bin', '/usr/sbin', '/usr/bin', '/sbin', '/bin', '/usr/games', '/usr/local/games', '/snap/bin', '/snap/bin'] var='CC' -> ['/home/arshia/quick-start/rtems/6/bin/arm-rtems6-gcc']
['/home/arshia/quick-start/rtems/6/bin/arm-rtems6-gcc', '-dM', '-E', '-']
out: #define __DBL_MIN_EXP__ (-1021)
#define __HQ_FBIT__ 15
#define __UINT_LEAST16_MAX__ 0xffff
#define __ARM_SIZEOF_WCHAR_T 4
#define __ATOMIC_ACQUIRE 2
#define __SFRACT_IBIT__ 0
#define __FLT_MIN__ 1.1754943508222875e-38F
#define __GCC_IEC_559_COMPLEX 0
#define __UFRACT_MAX__ 0XFFFFP-16UR
#define __UINT_LEAST8_TYPE__ unsigned char
#define __DQ_FBIT__ 63
#define __INTMAX_C(c) c ## LL
#define __ULFRACT_FBIT__ 32
#define __CHAR_BIT__ 8
#define __USQ_IBIT__ 0
#define __UINT8_MAX__ 0xff
#define __ACCUM_FBIT__ 15
#define __WINT_MAX__ 0xffffffffU
#define __FLT32_MIN_EXP__ (-125)
#define __USFRACT_FBIT__ 8
#define __ORDER_LITTLE_ENDIAN__ 1234
#define __SIZE_MAX__ 0xffffffffU
#define __ARM_ARCH_ISA_ARM 1
#define __WCHAR_MAX__ 0xffffffffU
#define __LACCUM_IBIT__ 32
#define __DBL_DENORM_MIN__ ((double)4.9406564584124654e-324L)
#define __GCC_ATOMIC_CHAR_LOCK_FREE 1
#define __GCC_IEC_559 0
#define __FLT32X_DECIMAL_DIG__ 17
#define __FLT_EVAL_METHOD__ 0
#define __TQ_IBIT__ 0
#define __LLACCUM_MAX__ 0X7FFFFFFFFFFFFFFFP-31LLK
#define __FLT64_DECIMAL_DIG__ 17
#define __GCC_ATOMIC_CHAR32_T_LOCK_FREE 1
#define __UINT_FAST64_MAX__ 0xffffffffffffffffULL
#define __SIG_ATOMIC_TYPE__ int
#define __DBL_MIN_10_EXP__ (-307)
#define __FINITE_MATH_ONLY__ 0
#define __ARMEL__ 1
#define __FLT32X_MAX_EXP__ 1024
#define __LFRACT_IBIT__ 0
#define __GNUC_PATCHLEVEL__ 0
#define __FLT32_HAS_DENORM__ 1
#define __LFRACT_MAX__ 0X7FFFFFFFP-31LR
#define __USA_FBIT__ 16
#define __UINT_FAST8_MAX__ 0xffffffffU
#define __FLT32_MAX_10_EXP__ 38
#define __ARM_ARCH_4T__ 1
#define __INT8_C(c) c
#define __INT_LEAST8_WIDTH__ 8
#define __UINT_LEAST64_MAX__ 0xffffffffffffffffULL
#define __SA_FBIT__ 15
#define __SHRT_MAX__ 0x7fff
#define __LDBL_MAX__ 1.7976931348623157e+308L
#define __FRACT_MAX__ 0X7FFFP-15R
#define __LDBL_IS_IEC_60559__ 1
#define __UFRACT_FBIT__ 16
#define __UFRACT_MIN__ 0.0UR
#define __UINT_LEAST8_MAX__ 0xff
#define __GCC_ATOMIC_BOOL_LOCK_FREE 1
#define __UINTMAX_TYPE__ long long unsigned int
#define __LLFRACT_EPSILON__ 0x1P-63LLR
#define __FLT_EVAL_METHOD_TS_18661_3__ 0
#define __UINT32_MAX__ 0xffffffffU
#define __ULFRACT_MAX__ 0XFFFFFFFFP-32ULR
#define __TA_IBIT__ 64
#define __LDBL_MAX_EXP__ 1024
#define __WINT_MIN__ 0U
#define __FLT32X_IS_IEC_60559__ 1
#define __INT_LEAST16_WIDTH__ 16
#define __ULLFRACT_MIN__ 0.0ULLR
#define __SCHAR_MAX__ 0x7f
#define __WCHAR_MIN__ 0U
#define __INT64_C(c) c ## LL
#define __GCC_ATOMIC_POINTER_LOCK_FREE 1
#define __ATOMIC_SEQ_CST 5
#define __SIZEOF_INT__ 4
#define __FLT32X_MANT_DIG__ 53
#define __USACCUM_IBIT__ 8
#define __STDC_HOSTED__ 1
#define __LFRACT_MIN__ (-0.5LR-0.5LR)
#define __HA_IBIT__ 8
#define __DBL_DIG__ 15
#define __FLT_EPSILON__ 1.1920928955078125e-7F
#define __APCS_32__ 1
#define __SHRT_WIDTH__ 16
#define __FLT32_IS_IEC_60559__ 1
#define __USFRACT_IBIT__ 0
#define __LDBL_MIN__ 2.2250738585072014e-308L
#define __STDC_UTF_16__ 1
#define __DBL_IS_IEC_60559__ 1
#define __FRACT_MIN__ (-0.5R-0.5R)
#define __DA_IBIT__ 32
#define __ARM_SIZEOF_MINIMAL_ENUM 4
#define __FLT32X_HAS_INFINITY__ 1
#define __INT32_MAX__ 0x7fffffff
#define __UQQ_FBIT__ 8
#define __INT_WIDTH__ 32
#define __UACCUM_MAX__ 0XFFFFFFFFP-16UK
#define __DECIMAL_DIG__ 17
#define __LFRACT_EPSILON__ 0x1P-31LR
#define __FLT64_EPSILON__ 2.2204460492503131e-16F64
#define __ULFRACT_MIN__ 0.0ULR
#define __LDBL_HAS_QUIET_NAN__ 1
#define __ULACCUM_IBIT__ 32
#define __FLT64_MANT_DIG__ 53
#define __UACCUM_EPSILON__ 0x1P-16UK
#define __GNUC__ 13
#define __ULLACCUM_MAX__ 0XFFFFFFFFFFFFFFFFP-32ULLK
#define __HQ_IBIT__ 0
#define __FLT_HAS_DENORM__ 1
#define __SIZEOF_LONG_DOUBLE__ 8
#define __SA_IBIT__ 16
#define __BIGGEST_ALIGNMENT__ 8
#define __FLT64_MAX_10_EXP__ 308
#define __GNUC_STDC_INLINE__ 1
#define __DQ_IBIT__ 0
#define __DBL_MAX__ ((double)1.7976931348623157e+308L)
#define __ULFRACT_IBIT__ 0
#define __INT_FAST32_MAX__ 0x7fffffff
#define __DBL_HAS_INFINITY__ 1
#define __HAVE_SPECULATION_SAFE_VALUE 1
#define __ACCUM_IBIT__ 16
#define __THUMB_INTERWORK__ 1
#define __INTPTR_WIDTH__ 32
#define __UINT_LEAST32_MAX__ 0xffffffffU
#define __LACCUM_MAX__ 0X7FFFFFFFFFFFFFFFP-31LK
#define __FLT32X_HAS_DENORM__ 1
#define __INT_FAST16_TYPE__ int
#define __LDBL_HAS_DENORM__ 1
#define __INT_LEAST32_MAX__ 0x7fffffff
#define __ARM_PCS 1
#define __ACCUM_MAX__ 0X7FFFFFFFP-15K
#define __DBL_MAX_EXP__ 1024
#define __USACCUM_EPSILON__ 0x1P-8UHK
#define __WCHAR_WIDTH__ 32
#define __FLT32_MAX__ 3.4028234663852886e+38F32
#define __GCC_ATOMIC_LONG_LOCK_FREE 1
#define __SFRACT_MAX__ 0X7FP-7HR
#define __FRACT_IBIT__ 0
#define __PTRDIFF_MAX__ 0x7fffffff
#define __UACCUM_MIN__ 0.0UK
#define __UACCUM_IBIT__ 16
#define __LLACCUM_MIN__ (-0X1P31LLK-0X1P31LLK)
#define __FLT32_HAS_QUIET_NAN__ 1
#define __LONG_LONG_MAX__ 0x7fffffffffffffffLL
#define __ULACCUM_MAX__ 0XFFFFFFFFFFFFFFFFP-32ULK
#define __SIZEOF_WINT_T__ 4
#define __LONG_LONG_WIDTH__ 64
#define __FLT32_MAX_EXP__ 128
#define __ULLACCUM_MIN__ 0.0ULLK
#define __GXX_ABI_VERSION 1018
#define __UTA_FBIT__ 64
#define __FLT_MIN_EXP__ (-125)
#define __UFRACT_IBIT__ 0
#define __INT16_MAX__ 0x7fff
#define __INT_FAST64_TYPE__ long long int
#define __FLT64_DENORM_MIN__ 4.9406564584124654e-324F64
#define __DBL_MIN__ ((double)2.2250738585072014e-308L)
#define __SIZEOF_POINTER__ 4
#define __DBL_HAS_QUIET_NAN__ 1
#define __USE_INIT_FINI__ 1
#define __FLT32X_EPSILON__ 2.2204460492503131e-16F32x
#define __FLT64_MIN_EXP__ (-1021)
#define __LACCUM_MIN__ (-0X1P31LK-0X1P31LK)
#define __FRACT_FBIT__ 15
#define __ULLACCUM_FBIT__ 32
#define __GXX_TYPEINFO_EQUALITY_INLINE 0
#define __FLT64_MIN_10_EXP__ (-307)
#define __ULLFRACT_EPSILON__ 0x1P-64ULLR
#define __USES_INITFINI__ 1
#define __REGISTER_PREFIX__ 
#define __UINT16_MAX__ 0xffff
#define __DBL_HAS_DENORM__ 1
#define __ACCUM_MIN__ (-0X1P15K-0X1P15K)
#define __LDBL_HAS_INFINITY__ 1
#define __SQ_IBIT__ 0
#define __FLT32_MIN__ 1.1754943508222875e-38F32
#define __UINT8_TYPE__ unsigned char
#define __UHA_FBIT__ 8
#define __FLT_DIG__ 6
#define __NO_INLINE__ 1
#define __SFRACT_MIN__ (-0.5HR-0.5HR)
#define __UTQ_FBIT__ 128
#define __DEC_EVAL_METHOD__ 2
#define __FLT_MANT_DIG__ 24
#define __LDBL_DECIMAL_DIG__ 17
#define __VERSION__ "13.3.0 20240521 (RTEMS 6, RSB edc391f7985dd3f6f18db0c7562963618a31e51b-modified, Newlib 1b3dcfd)"
#define __UINT64_C(c) c ## ULL
#define __ULLFRACT_FBIT__ 64
#define __SOFTFP__ 1
#define __FRACT_EPSILON__ 0x1P-15R
#define __ULACCUM_MIN__ 0.0ULK
#define __UDA_FBIT__ 32
#define __LLACCUM_EPSILON__ 0x1P-31LLK
#define __GCC_ATOMIC_INT_LOCK_FREE 1
#define __FLOAT_WORD_ORDER__ __ORDER_LITTLE_ENDIAN__
#define __USFRACT_MIN__ 0.0UHR
#define __FLT32_MANT_DIG__ 24
#define __UQQ_IBIT__ 0
#define __USFRACT_MAX__ 0XFFP-8UHR
#define __SCHAR_WIDTH__ 8
#define __INT32_C(c) c
#define __ORDER_PDP_ENDIAN__ 3412
#define __UHQ_FBIT__ 16
#define __LLACCUM_FBIT__ 31
#define __INT_FAST32_TYPE__ int
#define __UINT_LEAST16_TYPE__ short unsigned int
#define __SIZE_TYPE__ unsigned int
#define __UINT64_MAX__ 0xffffffffffffffffULL
#define __FLT_IS_IEC_60559__ 1
#define __UDQ_FBIT__ 64
#define __GNUC_WIDE_EXECUTION_CHARSET_NAME "UTF-32LE"
#define __INT8_TYPE__ signed char
#define __ELF__ 1
#define __GCC_ASM_FLAG_OUTPUTS__ 1
#define __SACCUM_EPSILON__ 0x1P-7HK
#define __ULFRACT_EPSILON__ 0x1P-32ULR
#define __LLFRACT_FBIT__ 63
#define __rtems__ 1
#define __FLT_RADIX__ 2
#define __INT_LEAST16_TYPE__ short int
#define __LDBL_EPSILON__ 2.2204460492503131e-16L
#define __UINTMAX_C(c) c ## ULL
#define __SACCUM_MAX__ 0X7FFFP-7HK
#define __FLT32X_MIN__ 2.2250738585072014e-308F32x
#define __SIG_ATOMIC_MAX__ 0x7fffffff
#define __UACCUM_FBIT__ 16
#define __GCC_ATOMIC_WCHAR_T_LOCK_FREE 1
#define __USER_LABEL_PREFIX__ 
#define __VFP_FP__ 1
#define __SIZEOF_PTRDIFF_T__ 4
#define __FLT32_HAS_INFINITY__ 1
#define __SIZEOF_LONG__ 4
#define __LACCUM_EPSILON__ 0x1P-31LK
#define __LDBL_DIG__ 15
#define __FLT64_IS_IEC_60559__ 1
#define __FLT32X_MIN_EXP__ (-1021)
#define __INT_FAST16_MAX__ 0x7fffffff
#define __GCC_CONSTRUCTIVE_SIZE 64
#define __FLT64_DIG__ 15
#define __UINT_FAST32_MAX__ 0xffffffffU
#define __UINT_LEAST64_TYPE__ long long unsigned int
#define __SFRACT_EPSILON__ 0x1P-7HR
#define __FLT_HAS_QUIET_NAN__ 1
#define __FLT_MAX_10_EXP__ 38
#define __LONG_MAX__ 0x7fffffffL
#define __SIZEOF_SIZE_T__ 4
#define __FLT_HAS_INFINITY__ 1
#define __GNUC_EXECUTION_CHARSET_NAME "UTF-8"
#define __CHAR_UNSIGNED__ 1
#define __UINT_FAST16_TYPE__ unsigned int
#define __ARM_32BIT_STATE 1
#define __INT_FAST32_WIDTH__ 32
#define __CHAR16_TYPE__ short unsigned int
#define __PRAGMA_REDEFINE_EXTNAME 1
#define __SIZE_WIDTH__ 32
#define __INT_LEAST16_MAX__ 0x7fff
#define __INT64_MAX__ 0x7fffffffffffffffLL
#define __SACCUM_FBIT__ 7
#define __FLT32_DENORM_MIN__ 1.4012984643248171e-45F32
#define __SIG_ATOMIC_WIDTH__ 32
#define __INT_LEAST64_TYPE__ long long int
#define __INT16_TYPE__ short int
#define __INT_LEAST8_TYPE__ signed char
#define __STDC_VERSION__ 201710L
#define __SQ_FBIT__ 31
#define __ARM_ARCH_ISA_THUMB 1
#define __INT_FAST8_MAX__ 0x7fffffff
#define __ARM_ARCH 4
#define __INTPTR_MAX__ 0x7fffffff
#define __QQ_FBIT__ 7
#define __UTA_IBIT__ 64
#define __FLT64_HAS_QUIET_NAN__ 1
#define __FLT32_MIN_10_EXP__ (-37)
#define __FLT32X_DIG__ 15
#define __UINT16_C(c) c
#define __PTRDIFF_WIDTH__ 32
#define __LDBL_MANT_DIG__ 53
#define __SFRACT_FBIT__ 7
#define __SACCUM_MIN__ (-0X1P7HK-0X1P7HK)
#define __FLT64_HAS_INFINITY__ 1
#define __SIG_ATOMIC_MIN__ (-__SIG_ATOMIC_MAX__ - 1)
#define __INTPTR_TYPE__ int
#define __UINT16_TYPE__ short unsigned int
#define __WCHAR_TYPE__ unsigned int
#define __SIZEOF_FLOAT__ 4
#define __TQ_FBIT__ 127
#define __USQ_FBIT__ 32
#define __UINTPTR_MAX__ 0xffffffffU
#define __INT_FAST64_WIDTH__ 64
#define __ULLACCUM_IBIT__ 32
#define __FLT32_DECIMAL_DIG__ 9
#define __INT_FAST64_MAX__ 0x7fffffffffffffffLL
#define __GCC_ATOMIC_TEST_AND_SET_TRUEVAL 1
#define __FLT_NORM_MAX__ 3.4028234663852886e+38F
#define __UINT_FAST64_TYPE__ long long unsigned int
#define __INT_MAX__ 0x7fffffff
#define __LACCUM_FBIT__ 31
#define __USACCUM_MIN__ 0.0UHK
#define __UHA_IBIT__ 8
#define __INT64_TYPE__ long long int
#define __FLT_MAX_EXP__ 128
#define __UTQ_IBIT__ 0
#define __DBL_MANT_DIG__ 53
#define __INT_LEAST64_MAX__ 0x7fffffffffffffffLL
#define __GCC_ATOMIC_CHAR16_T_LOCK_FREE 1
#define __WINT_TYPE__ unsigned int
#define __UINT_LEAST32_TYPE__ unsigned int
#define __SIZEOF_SHORT__ 2
#define __ULLFRACT_IBIT__ 0
#define __FLT32_NORM_MAX__ 3.4028234663852886e+38F32
#define __LDBL_MIN_EXP__ (-1021)
#define __arm__ 1
#define __FLT64_MAX__ 1.7976931348623157e+308F64
#define __UDA_IBIT__ 32
#define __WINT_WIDTH__ 32
#define __INT_LEAST8_MAX__ 0x7f
#define __INT_LEAST64_WIDTH__ 64
#define __FLT32X_MAX_10_EXP__ 308
#define __LFRACT_FBIT__ 31
#define __LDBL_MAX_10_EXP__ 308
#define __ATOMIC_RELAXED 0
#define __DBL_EPSILON__ ((double)2.2204460492503131e-16L)
#define __INT_LEAST32_TYPE__ int
#define __UINT8_C(c) c
#define __FLT64_MAX_EXP__ 1024
#define __SIZEOF_WCHAR_T__ 4
#define __UINT64_TYPE__ long long unsigned int
#define __LLFRACT_MAX__ 0X7FFFFFFFFFFFFFFFP-63LLR
#define __FLT64_NORM_MAX__ 1.7976931348623157e+308F64
#define __INTMAX_MAX__ 0x7fffffffffffffffLL
#define __INT_FAST8_TYPE__ int
#define __ULLACCUM_EPSILON__ 0x1P-32ULLK
#define __USACCUM_MAX__ 0XFFFFP-8UHK
#define __UHQ_IBIT__ 0
#define __ARM_FEATURE_COPROC 1
#define __LLACCUM_IBIT__ 32
#define __FLT64_HAS_DENORM__ 1
#define __FLT32_EPSILON__ 1.1920928955078125e-7F32
#define __DBL_DECIMAL_DIG__ 17
#define __STDC_UTF_32__ 1
#define __INT_FAST8_WIDTH__ 32
#define __FLT32X_MAX__ 1.7976931348623157e+308F32x
#define __TA_FBIT__ 63
#define __DBL_NORM_MAX__ ((double)1.7976931348623157e+308L)
#define __BYTE_ORDER__ __ORDER_LITTLE_ENDIAN__
#define __GCC_DESTRUCTIVE_SIZE 64
#define __UDQ_IBIT__ 0
#define __INTMAX_WIDTH__ 64
#define __ORDER_BIG_ENDIAN__ 4321
#define __FLT32_DIG__ 6
#define __ACCUM_EPSILON__ 0x1P-15K
#define __UINT32_C(c) c ## U
#define __FLT_DENORM_MIN__ 1.4012984643248171e-45F
#define __LLFRACT_IBIT__ 0
#define __INT8_MAX__ 0x7f
#define __LONG_WIDTH__ 32
#define __UINT_FAST32_TYPE__ unsigned int
#define __FLT32X_NORM_MAX__ 1.7976931348623157e+308F32x
#define __CHAR32_TYPE__ unsigned int
#define __FLT_MAX__ 3.4028234663852886e+38F
#define __USACCUM_FBIT__ 8
#define __INT32_TYPE__ int
#define __SIZEOF_DOUBLE__ 8
#define __FLT_MIN_10_EXP__ (-37)
#define __UFRACT_EPSILON__ 0x1P-16UR
#define __FLT64_MIN__ 2.2250738585072014e-308F64
#define __INT_LEAST32_WIDTH__ 32
#define __INTMAX_TYPE__ long long int
#define __FLT32X_HAS_QUIET_NAN__ 1
#define __ATOMIC_CONSUME 1
#define __GNUC_MINOR__ 3
#define __INT_FAST16_WIDTH__ 32
#define __UINTMAX_MAX__ 0xffffffffffffffffULL
#define __FLT32X_DENORM_MIN__ 4.9406564584124654e-324F32x
#define __HA_FBIT__ 7
#define __DBL_MAX_10_EXP__ 308
#define __LDBL_DENORM_MIN__ 4.9406564584124654e-324L
#define __INT16_C(c) c
#define __STDC__ 1
#define __PTRDIFF_TYPE__ int
#define __LLFRACT_MIN__ (-0.5LLR-0.5LLR)
#define __DA_FBIT__ 31
#define __UINT32_TYPE__ unsigned int
#define __FLT32X_MIN_10_EXP__ (-307)
#define __UINTPTR_TYPE__ unsigned int
#define __USA_IBIT__ 16
#define __ARM_EABI__ 1
#define __LDBL_MIN_10_EXP__ (-307)
#define __SIZEOF_LONG_LONG__ 8
#define __ULACCUM_EPSILON__ 0x1P-32ULK
#define __SACCUM_IBIT__ 8
#define __GCC_ATOMIC_LLONG_LOCK_FREE 1
#define __FLT_DECIMAL_DIG__ 9
#define __UINT_FAST16_MAX__ 0xffffffffU
#define __LDBL_NORM_MAX__ 1.7976931348623157e+308L
#define __GCC_ATOMIC_SHORT_LOCK_FREE 1
#define __ULLFRACT_MAX__ 0XFFFFFFFFFFFFFFFFP-64ULLR
#define __UINT_FAST8_TYPE__ unsigned int
#define __USFRACT_EPSILON__ 0x1P-8UHR
#define __ULACCUM_FBIT__ 32
#define __QQ_IBIT__ 0
#define __ATOMIC_ACQ_REL 4
#define __ATOMIC_RELEASE 3

-----------------------------------------
Checking for program 'ar'
/home/arshia/quick-start/rtems/6/bin/arm-rtems6-ar
find program=['ar'] paths=['/home/arshia/.pyenv/versions/3.12.2/bin', '/home/arshia/.pyenv/libexec', '/home/arshia/.pyenv/plugins/python-build/bin', '/home/arshia/.pyenv/plugins/pyenv-virtualenv/bin', '/home/arshia/.pyenv/plugins/pyenv-update/bin', '/home/arshia/.pyenv/plugins/pyenv-doctor/bin', '/home/arshia/quick-start/rtems/6/bin', '/home/arshia/quick-start/rtems/6/bin', '/home/arshia/quick-start/rtems/6/bin', '/home/arshia/quick-start/rtems/6/bin', '/home/arshia/quick-start/rtems/6/bin', '/home/arshia/.pyenv/shims', '/home/arshia/.pyenv/bin', '/home/arshia/.local/bin', '/home/arshia/bin', '/usr/local/sbin', '/usr/local/bin', '/usr/sbin', '/usr/bin', '/sbin', '/bin', '/usr/games', '/usr/local/games', '/snap/bin', '/snap/bin'] var='AR' -> ['/home/arshia/quick-start/rtems/6/bin/arm-rtems6-ar']
-----------------------------------------
Checking for program 'g++, c++'
/home/arshia/quick-start/rtems/6/bin/arm-rtems6-g++
find program=['g++', 'c++'] paths=['/home/arshia/.pyenv/versions/3.12.2/bin', '/home/arshia/.pyenv/libexec', '/home/arshia/.pyenv/plugins/python-build/bin', '/home/arshia/.pyenv/plugins/pyenv-virtualenv/bin', '/home/arshia/.pyenv/plugins/pyenv-update/bin', '/home/arshia/.pyenv/plugins/pyenv-doctor/bin', '/home/arshia/quick-start/rtems/6/bin', '/home/arshia/quick-start/rtems/6/bin', '/home/arshia/quick-start/rtems/6/bin', '/home/arshia/quick-start/rtems/6/bin', '/home/arshia/quick-start/rtems/6/bin', '/home/arshia/.pyenv/shims', '/home/arshia/.pyenv/bin', '/home/arshia/.local/bin', '/home/arshia/bin', '/usr/local/sbin', '/usr/local/bin', '/usr/sbin', '/usr/bin', '/sbin', '/bin', '/usr/games', '/usr/local/games', '/snap/bin', '/snap/bin'] var='CXX' -> ['/home/arshia/quick-start/rtems/6/bin/arm-rtems6-g++']
['/home/arshia/quick-start/rtems/6/bin/arm-rtems6-g++', '-dM', '-E', '-']
out: #define __DBL_MIN_EXP__ (-1021)
#define __HQ_FBIT__ 15
#define __UINT_LEAST16_MAX__ 0xffff
#define __ARM_SIZEOF_WCHAR_T 4
#define __ATOMIC_ACQUIRE 2
#define __SFRACT_IBIT__ 0
#define __FLT_MIN__ 1.1754943508222875e-38F
#define __GCC_IEC_559_COMPLEX 0
#define __UFRACT_MAX__ 0XFFFFP-16UR
#define __UINT_LEAST8_TYPE__ unsigned char
#define __DQ_FBIT__ 63
#define __INTMAX_C(c) c ## LL
#define __ULFRACT_FBIT__ 32
#define __CHAR_BIT__ 8
#define __USQ_IBIT__ 0
#define __UINT8_MAX__ 0xff
#define __ACCUM_FBIT__ 15
#define __WINT_MAX__ 0xffffffffU
#define __FLT32_MIN_EXP__ (-125)
#define __USFRACT_FBIT__ 8
#define __ORDER_LITTLE_ENDIAN__ 1234
#define __SIZE_MAX__ 0xffffffffU
#define __ARM_ARCH_ISA_ARM 1
#define __WCHAR_MAX__ 0xffffffffU
#define __LACCUM_IBIT__ 32
#define __DBL_DENORM_MIN__ ((double)4.9406564584124654e-324L)
#define __GCC_ATOMIC_CHAR_LOCK_FREE 1
#define __GCC_IEC_559 0
#define __FLT32X_DECIMAL_DIG__ 17
#define __FLT_EVAL_METHOD__ 0
#define __TQ_IBIT__ 0
#define __LLACCUM_MAX__ 0X7FFFFFFFFFFFFFFFP-31LLK
#define __FLT64_DECIMAL_DIG__ 17
#define __GCC_ATOMIC_CHAR32_T_LOCK_FREE 1
#define __UINT_FAST64_MAX__ 0xffffffffffffffffULL
#define __SIG_ATOMIC_TYPE__ int
#define __DBL_MIN_10_EXP__ (-307)
#define __FINITE_MATH_ONLY__ 0
#define __ARMEL__ 1
#define __FLT32X_MAX_EXP__ 1024
#define __LFRACT_IBIT__ 0
#define __GNUC_PATCHLEVEL__ 0
#define __FLT32_HAS_DENORM__ 1
#define __LFRACT_MAX__ 0X7FFFFFFFP-31LR
#define __USA_FBIT__ 16
#define __UINT_FAST8_MAX__ 0xffffffffU
#define __FLT32_MAX_10_EXP__ 38
#define __ARM_ARCH_4T__ 1
#define __INT8_C(c) c
#define __INT_LEAST8_WIDTH__ 8
#define __UINT_LEAST64_MAX__ 0xffffffffffffffffULL
#define __SA_FBIT__ 15
#define __SHRT_MAX__ 0x7fff
#define __LDBL_MAX__ 1.7976931348623157e+308L
#define __FRACT_MAX__ 0X7FFFP-15R
#define __LDBL_IS_IEC_60559__ 1
#define __UFRACT_FBIT__ 16
#define __UFRACT_MIN__ 0.0UR
#define __UINT_LEAST8_MAX__ 0xff
#define __GCC_ATOMIC_BOOL_LOCK_FREE 1
#define __UINTMAX_TYPE__ long long unsigned int
#define __LLFRACT_EPSILON__ 0x1P-63LLR
#define __FLT_EVAL_METHOD_TS_18661_3__ 0
#define __UINT32_MAX__ 0xffffffffU
#define __ULFRACT_MAX__ 0XFFFFFFFFP-32ULR
#define __TA_IBIT__ 64
#define __LDBL_MAX_EXP__ 1024
#define __WINT_MIN__ 0U
#define __FLT32X_IS_IEC_60559__ 1
#define __INT_LEAST16_WIDTH__ 16
#define __ULLFRACT_MIN__ 0.0ULLR
#define __SCHAR_MAX__ 0x7f
#define __WCHAR_MIN__ 0U
#define __INT64_C(c) c ## LL
#define __GCC_ATOMIC_POINTER_LOCK_FREE 1
#define __ATOMIC_SEQ_CST 5
#define __SIZEOF_INT__ 4
#define __FLT32X_MANT_DIG__ 53
#define __USACCUM_IBIT__ 8
#define __STDC_HOSTED__ 1
#define __LFRACT_MIN__ (-0.5LR-0.5LR)
#define __HA_IBIT__ 8
#define __DBL_DIG__ 15
#define __FLT_EPSILON__ 1.1920928955078125e-7F
#define __APCS_32__ 1
#define __SHRT_WIDTH__ 16
#define __FLT32_IS_IEC_60559__ 1
#define __USFRACT_IBIT__ 0
#define __LDBL_MIN__ 2.2250738585072014e-308L
#define __STDC_UTF_16__ 1
#define __DBL_IS_IEC_60559__ 1
#define __FRACT_MIN__ (-0.5R-0.5R)
#define __DA_IBIT__ 32
#define __ARM_SIZEOF_MINIMAL_ENUM 4
#define __FLT32X_HAS_INFINITY__ 1
#define __INT32_MAX__ 0x7fffffff
#define __UQQ_FBIT__ 8
#define __INT_WIDTH__ 32
#define __UACCUM_MAX__ 0XFFFFFFFFP-16UK
#define __DECIMAL_DIG__ 17
#define __LFRACT_EPSILON__ 0x1P-31LR
#define __FLT64_EPSILON__ 2.2204460492503131e-16F64
#define __ULFRACT_MIN__ 0.0ULR
#define __LDBL_HAS_QUIET_NAN__ 1
#define __ULACCUM_IBIT__ 32
#define __FLT64_MANT_DIG__ 53
#define __UACCUM_EPSILON__ 0x1P-16UK
#define __GNUC__ 13
#define __ULLACCUM_MAX__ 0XFFFFFFFFFFFFFFFFP-32ULLK
#define __HQ_IBIT__ 0
#define __FLT_HAS_DENORM__ 1
#define __SIZEOF_LONG_DOUBLE__ 8
#define __SA_IBIT__ 16
#define __BIGGEST_ALIGNMENT__ 8
#define __FLT64_MAX_10_EXP__ 308
#define __GNUC_STDC_INLINE__ 1
#define __DQ_IBIT__ 0
#define __DBL_MAX__ ((double)1.7976931348623157e+308L)
#define __ULFRACT_IBIT__ 0
#define __INT_FAST32_MAX__ 0x7fffffff
#define __DBL_HAS_INFINITY__ 1
#define __HAVE_SPECULATION_SAFE_VALUE 1
#define __ACCUM_IBIT__ 16
#define __THUMB_INTERWORK__ 1
#define __INTPTR_WIDTH__ 32
#define __UINT_LEAST32_MAX__ 0xffffffffU
#define __LACCUM_MAX__ 0X7FFFFFFFFFFFFFFFP-31LK
#define __FLT32X_HAS_DENORM__ 1
#define __INT_FAST16_TYPE__ int
#define __LDBL_HAS_DENORM__ 1
#define __INT_LEAST32_MAX__ 0x7fffffff
#define __ARM_PCS 1
#define __ACCUM_MAX__ 0X7FFFFFFFP-15K
#define __DBL_MAX_EXP__ 1024
#define __USACCUM_EPSILON__ 0x1P-8UHK
#define __WCHAR_WIDTH__ 32
#define __FLT32_MAX__ 3.4028234663852886e+38F32
#define __GCC_ATOMIC_LONG_LOCK_FREE 1
#define __SFRACT_MAX__ 0X7FP-7HR
#define __FRACT_IBIT__ 0
#define __PTRDIFF_MAX__ 0x7fffffff
#define __UACCUM_MIN__ 0.0UK
#define __UACCUM_IBIT__ 16
#define __LLACCUM_MIN__ (-0X1P31LLK-0X1P31LLK)
#define __FLT32_HAS_QUIET_NAN__ 1
#define __LONG_LONG_MAX__ 0x7fffffffffffffffLL
#define __ULACCUM_MAX__ 0XFFFFFFFFFFFFFFFFP-32ULK
#define __SIZEOF_WINT_T__ 4
#define __LONG_LONG_WIDTH__ 64
#define __FLT32_MAX_EXP__ 128
#define __ULLACCUM_MIN__ 0.0ULLK
#define __GXX_ABI_VERSION 1018
#define __UTA_FBIT__ 64
#define __FLT_MIN_EXP__ (-125)
#define __UFRACT_IBIT__ 0
#define __INT16_MAX__ 0x7fff
#define __INT_FAST64_TYPE__ long long int
#define __FLT64_DENORM_MIN__ 4.9406564584124654e-324F64
#define __DBL_MIN__ ((double)2.2250738585072014e-308L)
#define __SIZEOF_POINTER__ 4
#define __DBL_HAS_QUIET_NAN__ 1
#define __USE_INIT_FINI__ 1
#define __FLT32X_EPSILON__ 2.2204460492503131e-16F32x
#define __FLT64_MIN_EXP__ (-1021)
#define __LACCUM_MIN__ (-0X1P31LK-0X1P31LK)
#define __FRACT_FBIT__ 15
#define __ULLACCUM_FBIT__ 32
#define __GXX_TYPEINFO_EQUALITY_INLINE 0
#define __FLT64_MIN_10_EXP__ (-307)
#define __ULLFRACT_EPSILON__ 0x1P-64ULLR
#define __USES_INITFINI__ 1
#define __REGISTER_PREFIX__ 
#define __UINT16_MAX__ 0xffff
#define __DBL_HAS_DENORM__ 1
#define __ACCUM_MIN__ (-0X1P15K-0X1P15K)
#define __LDBL_HAS_INFINITY__ 1
#define __SQ_IBIT__ 0
#define __FLT32_MIN__ 1.1754943508222875e-38F32
#define __UINT8_TYPE__ unsigned char
#define __UHA_FBIT__ 8
#define __FLT_DIG__ 6
#define __NO_INLINE__ 1
#define __SFRACT_MIN__ (-0.5HR-0.5HR)
#define __UTQ_FBIT__ 128
#define __DEC_EVAL_METHOD__ 2
#define __FLT_MANT_DIG__ 24
#define __LDBL_DECIMAL_DIG__ 17
#define __VERSION__ "13.3.0 20240521 (RTEMS 6, RSB edc391f7985dd3f6f18db0c7562963618a31e51b-modified, Newlib 1b3dcfd)"
#define __UINT64_C(c) c ## ULL
#define __ULLFRACT_FBIT__ 64
#define __SOFTFP__ 1
#define __FRACT_EPSILON__ 0x1P-15R
#define __ULACCUM_MIN__ 0.0ULK
#define __UDA_FBIT__ 32
#define __LLACCUM_EPSILON__ 0x1P-31LLK
#define __GCC_ATOMIC_INT_LOCK_FREE 1
#define __FLOAT_WORD_ORDER__ __ORDER_LITTLE_ENDIAN__
#define __USFRACT_MIN__ 0.0UHR
#define __FLT32_MANT_DIG__ 24
#define __UQQ_IBIT__ 0
#define __USFRACT_MAX__ 0XFFP-8UHR
#define __SCHAR_WIDTH__ 8
#define __INT32_C(c) c
#define __ORDER_PDP_ENDIAN__ 3412
#define __UHQ_FBIT__ 16
#define __LLACCUM_FBIT__ 31
#define __INT_FAST32_TYPE__ int
#define __UINT_LEAST16_TYPE__ short unsigned int
#define __SIZE_TYPE__ unsigned int
#define __UINT64_MAX__ 0xffffffffffffffffULL
#define __FLT_IS_IEC_60559__ 1
#define __UDQ_FBIT__ 64
#define __GNUC_WIDE_EXECUTION_CHARSET_NAME "UTF-32LE"
#define __INT8_TYPE__ signed char
#define __ELF__ 1
#define __GCC_ASM_FLAG_OUTPUTS__ 1
#define __SACCUM_EPSILON__ 0x1P-7HK
#define __ULFRACT_EPSILON__ 0x1P-32ULR
#define __LLFRACT_FBIT__ 63
#define __rtems__ 1
#define __FLT_RADIX__ 2
#define __INT_LEAST16_TYPE__ short int
#define __LDBL_EPSILON__ 2.2204460492503131e-16L
#define __UINTMAX_C(c) c ## ULL
#define __SACCUM_MAX__ 0X7FFFP-7HK
#define __FLT32X_MIN__ 2.2250738585072014e-308F32x
#define __SIG_ATOMIC_MAX__ 0x7fffffff
#define __UACCUM_FBIT__ 16
#define __GCC_ATOMIC_WCHAR_T_LOCK_FREE 1
#define __USER_LABEL_PREFIX__ 
#define __VFP_FP__ 1
#define __SIZEOF_PTRDIFF_T__ 4
#define __FLT32_HAS_INFINITY__ 1
#define __SIZEOF_LONG__ 4
#define __LACCUM_EPSILON__ 0x1P-31LK
#define __LDBL_DIG__ 15
#define __FLT64_IS_IEC_60559__ 1
#define __FLT32X_MIN_EXP__ (-1021)
#define __INT_FAST16_MAX__ 0x7fffffff
#define __GCC_CONSTRUCTIVE_SIZE 64
#define __FLT64_DIG__ 15
#define __UINT_FAST32_MAX__ 0xffffffffU
#define __UINT_LEAST64_TYPE__ long long unsigned int
#define __SFRACT_EPSILON__ 0x1P-7HR
#define __FLT_HAS_QUIET_NAN__ 1
#define __FLT_MAX_10_EXP__ 38
#define __LONG_MAX__ 0x7fffffffL
#define __SIZEOF_SIZE_T__ 4
#define __FLT_HAS_INFINITY__ 1
#define __GNUC_EXECUTION_CHARSET_NAME "UTF-8"
#define __CHAR_UNSIGNED__ 1
#define __UINT_FAST16_TYPE__ unsigned int
#define __ARM_32BIT_STATE 1
#define __INT_FAST32_WIDTH__ 32
#define __CHAR16_TYPE__ short unsigned int
#define __PRAGMA_REDEFINE_EXTNAME 1
#define __SIZE_WIDTH__ 32
#define __INT_LEAST16_MAX__ 0x7fff
#define __INT64_MAX__ 0x7fffffffffffffffLL
#define __SACCUM_FBIT__ 7
#define __FLT32_DENORM_MIN__ 1.4012984643248171e-45F32
#define __SIG_ATOMIC_WIDTH__ 32
#define __INT_LEAST64_TYPE__ long long int
#define __INT16_TYPE__ short int
#define __INT_LEAST8_TYPE__ signed char
#define __STDC_VERSION__ 201710L
#define __SQ_FBIT__ 31
#define __ARM_ARCH_ISA_THUMB 1
#define __INT_FAST8_MAX__ 0x7fffffff
#define __ARM_ARCH 4
#define __INTPTR_MAX__ 0x7fffffff
#define __QQ_FBIT__ 7
#define __UTA_IBIT__ 64
#define __FLT64_HAS_QUIET_NAN__ 1
#define __FLT32_MIN_10_EXP__ (-37)
#define __FLT32X_DIG__ 15
#define __UINT16_C(c) c
#define __PTRDIFF_WIDTH__ 32
#define __LDBL_MANT_DIG__ 53
#define __SFRACT_FBIT__ 7
#define __SACCUM_MIN__ (-0X1P7HK-0X1P7HK)
#define __FLT64_HAS_INFINITY__ 1
#define __SIG_ATOMIC_MIN__ (-__SIG_ATOMIC_MAX__ - 1)
#define __INTPTR_TYPE__ int
#define __UINT16_TYPE__ short unsigned int
#define __WCHAR_TYPE__ unsigned int
#define __SIZEOF_FLOAT__ 4
#define __TQ_FBIT__ 127
#define __USQ_FBIT__ 32
#define __UINTPTR_MAX__ 0xffffffffU
#define __INT_FAST64_WIDTH__ 64
#define __ULLACCUM_IBIT__ 32
#define __FLT32_DECIMAL_DIG__ 9
#define __INT_FAST64_MAX__ 0x7fffffffffffffffLL
#define __GCC_ATOMIC_TEST_AND_SET_TRUEVAL 1
#define __FLT_NORM_MAX__ 3.4028234663852886e+38F
#define __UINT_FAST64_TYPE__ long long unsigned int
#define __INT_MAX__ 0x7fffffff
#define __LACCUM_FBIT__ 31
#define __USACCUM_MIN__ 0.0UHK
#define __UHA_IBIT__ 8
#define __INT64_TYPE__ long long int
#define __FLT_MAX_EXP__ 128
#define __UTQ_IBIT__ 0
#define __DBL_MANT_DIG__ 53
#define __INT_LEAST64_MAX__ 0x7fffffffffffffffLL
#define __GCC_ATOMIC_CHAR16_T_LOCK_FREE 1
#define __WINT_TYPE__ unsigned int
#define __UINT_LEAST32_TYPE__ unsigned int
#define __SIZEOF_SHORT__ 2
#define __ULLFRACT_IBIT__ 0
#define __FLT32_NORM_MAX__ 3.4028234663852886e+38F32
#define __LDBL_MIN_EXP__ (-1021)
#define __arm__ 1
#define __FLT64_MAX__ 1.7976931348623157e+308F64
#define __UDA_IBIT__ 32
#define __WINT_WIDTH__ 32
#define __INT_LEAST8_MAX__ 0x7f
#define __INT_LEAST64_WIDTH__ 64
#define __FLT32X_MAX_10_EXP__ 308
#define __LFRACT_FBIT__ 31
#define __LDBL_MAX_10_EXP__ 308
#define __ATOMIC_RELAXED 0
#define __DBL_EPSILON__ ((double)2.2204460492503131e-16L)
#define __INT_LEAST32_TYPE__ int
#define __UINT8_C(c) c
#define __FLT64_MAX_EXP__ 1024
#define __SIZEOF_WCHAR_T__ 4
#define __UINT64_TYPE__ long long unsigned int
#define __LLFRACT_MAX__ 0X7FFFFFFFFFFFFFFFP-63LLR
#define __FLT64_NORM_MAX__ 1.7976931348623157e+308F64
#define __INTMAX_MAX__ 0x7fffffffffffffffLL
#define __INT_FAST8_TYPE__ int
#define __ULLACCUM_EPSILON__ 0x1P-32ULLK
#define __USACCUM_MAX__ 0XFFFFP-8UHK
#define __UHQ_IBIT__ 0
#define __ARM_FEATURE_COPROC 1
#define __LLACCUM_IBIT__ 32
#define __FLT64_HAS_DENORM__ 1
#define __FLT32_EPSILON__ 1.1920928955078125e-7F32
#define __DBL_DECIMAL_DIG__ 17
#define __STDC_UTF_32__ 1
#define __INT_FAST8_WIDTH__ 32
#define __FLT32X_MAX__ 1.7976931348623157e+308F32x
#define __TA_FBIT__ 63
#define __DBL_NORM_MAX__ ((double)1.7976931348623157e+308L)
#define __BYTE_ORDER__ __ORDER_LITTLE_ENDIAN__
#define __GCC_DESTRUCTIVE_SIZE 64
#define __UDQ_IBIT__ 0
#define __INTMAX_WIDTH__ 64
#define __ORDER_BIG_ENDIAN__ 4321
#define __FLT32_DIG__ 6
#define __ACCUM_EPSILON__ 0x1P-15K
#define __UINT32_C(c) c ## U
#define __FLT_DENORM_MIN__ 1.4012984643248171e-45F
#define __LLFRACT_IBIT__ 0
#define __INT8_MAX__ 0x7f
#define __LONG_WIDTH__ 32
#define __UINT_FAST32_TYPE__ unsigned int
#define __FLT32X_NORM_MAX__ 1.7976931348623157e+308F32x
#define __CHAR32_TYPE__ unsigned int
#define __FLT_MAX__ 3.4028234663852886e+38F
#define __USACCUM_FBIT__ 8
#define __INT32_TYPE__ int
#define __SIZEOF_DOUBLE__ 8
#define __FLT_MIN_10_EXP__ (-37)
#define __UFRACT_EPSILON__ 0x1P-16UR
#define __FLT64_MIN__ 2.2250738585072014e-308F64
#define __INT_LEAST32_WIDTH__ 32
#define __INTMAX_TYPE__ long long int
#define __FLT32X_HAS_QUIET_NAN__ 1
#define __ATOMIC_CONSUME 1
#define __GNUC_MINOR__ 3
#define __INT_FAST16_WIDTH__ 32
#define __UINTMAX_MAX__ 0xffffffffffffffffULL
#define __FLT32X_DENORM_MIN__ 4.9406564584124654e-324F32x
#define __HA_FBIT__ 7
#define __DBL_MAX_10_EXP__ 308
#define __LDBL_DENORM_MIN__ 4.9406564584124654e-324L
#define __INT16_C(c) c
#define __STDC__ 1
#define __PTRDIFF_TYPE__ int
#define __LLFRACT_MIN__ (-0.5LLR-0.5LLR)
#define __DA_FBIT__ 31
#define __UINT32_TYPE__ unsigned int
#define __FLT32X_MIN_10_EXP__ (-307)
#define __UINTPTR_TYPE__ unsigned int
#define __USA_IBIT__ 16
#define __ARM_EABI__ 1
#define __LDBL_MIN_10_EXP__ (-307)
#define __SIZEOF_LONG_LONG__ 8
#define __ULACCUM_EPSILON__ 0x1P-32ULK
#define __SACCUM_IBIT__ 8
#define __GCC_ATOMIC_LLONG_LOCK_FREE 1
#define __FLT_DECIMAL_DIG__ 9
#define __UINT_FAST16_MAX__ 0xffffffffU
#define __LDBL_NORM_MAX__ 1.7976931348623157e+308L
#define __GCC_ATOMIC_SHORT_LOCK_FREE 1
#define __ULLFRACT_MAX__ 0XFFFFFFFFFFFFFFFFP-64ULLR
#define __UINT_FAST8_TYPE__ unsigned int
#define __USFRACT_EPSILON__ 0x1P-8UHR
#define __ULACCUM_FBIT__ 32
#define __QQ_IBIT__ 0
#define __ATOMIC_ACQ_REL 4
#define __ATOMIC_RELEASE 3

-----------------------------------------
Checking for program 'ar'
/home/arshia/quick-start/rtems/6/bin/arm-rtems6-ar
find program=['ar'] paths=['/home/arshia/.pyenv/versions/3.12.2/bin', '/home/arshia/.pyenv/libexec', '/home/arshia/.pyenv/plugins/python-build/bin', '/home/arshia/.pyenv/plugins/pyenv-virtualenv/bin', '/home/arshia/.pyenv/plugins/pyenv-update/bin', '/home/arshia/.pyenv/plugins/pyenv-doctor/bin', '/home/arshia/quick-start/rtems/6/bin', '/home/arshia/quick-start/rtems/6/bin', '/home/arshia/quick-start/rtems/6/bin', '/home/arshia/quick-start/rtems/6/bin', '/home/arshia/quick-start/rtems/6/bin', '/home/arshia/.pyenv/shims', '/home/arshia/.pyenv/bin', '/home/arshia/.local/bin', '/home/arshia/bin', '/usr/local/sbin', '/usr/local/bin', '/usr/sbin', '/usr/bin', '/sbin', '/bin', '/usr/games', '/usr/local/games', '/snap/bin', '/snap/bin'] var='AR' -> ['/home/arshia/quick-start/rtems/6/bin/arm-rtems6-ar']
-----------------------------------------
Checking for program 'gas, gcc'
/home/arshia/quick-start/rtems/6/bin/arm-rtems6-gcc
find program=['gas', 'gcc'] paths=['/home/arshia/.pyenv/versions/3.12.2/bin', '/home/arshia/.pyenv/libexec', '/home/arshia/.pyenv/plugins/python-build/bin', '/home/arshia/.pyenv/plugins/pyenv-virtualenv/bin', '/home/arshia/.pyenv/plugins/pyenv-update/bin', '/home/arshia/.pyenv/plugins/pyenv-doctor/bin', '/home/arshia/quick-start/rtems/6/bin', '/home/arshia/quick-start/rtems/6/bin', '/home/arshia/quick-start/rtems/6/bin', '/home/arshia/quick-start/rtems/6/bin', '/home/arshia/quick-start/rtems/6/bin', '/home/arshia/.pyenv/shims', '/home/arshia/.pyenv/bin', '/home/arshia/.local/bin', '/home/arshia/bin', '/usr/local/sbin', '/usr/local/bin', '/usr/sbin', '/usr/bin', '/sbin', '/bin', '/usr/games', '/usr/local/games', '/snap/bin', '/snap/bin'] var='AS' -> ['/home/arshia/quick-start/rtems/6/bin/arm-rtems6-gcc']
-----------------------------------------
Checking for program 'ar'
/home/arshia/quick-start/rtems/6/bin/arm-rtems6-ar
find program=['ar'] paths=['/home/arshia/.pyenv/versions/3.12.2/bin', '/home/arshia/.pyenv/libexec', '/home/arshia/.pyenv/plugins/python-build/bin', '/home/arshia/.pyenv/plugins/pyenv-virtualenv/bin', '/home/arshia/.pyenv/plugins/pyenv-update/bin', '/home/arshia/.pyenv/plugins/pyenv-doctor/bin', '/home/arshia/quick-start/rtems/6/bin', '/home/arshia/quick-start/rtems/6/bin', '/home/arshia/quick-start/rtems/6/bin', '/home/arshia/quick-start/rtems/6/bin', '/home/arshia/quick-start/rtems/6/bin', '/home/arshia/.pyenv/shims', '/home/arshia/.pyenv/bin', '/home/arshia/.local/bin', '/home/arshia/bin', '/usr/local/sbin', '/usr/local/bin', '/usr/sbin', '/usr/bin', '/sbin', '/bin', '/usr/games', '/usr/local/games', '/snap/bin', '/snap/bin'] var='AR' -> ['/home/arshia/quick-start/rtems/6/bin/arm-rtems6-ar']
-----------------------------------------
Checking for c flags '-MMD'
==>
int main() { return 0; }
<==
[1/1] Compiling [32mbuild/.conf_check_509462851c9724c0a8dfb70e8a94563b/test.c[0m

['/home/arshia/quick-start/rtems/6/bin/arm-rtems6-gcc', '-MMD', '../test.c', '-c', '-o/home/arshia/quick-start/app/matnr/build/.conf_check_509462851c9724c0a8dfb70e8a94563b/testbuild/test.c.1.o']
yes
-----------------------------------------
Checking for cxx flags '-MMD'
==>
int main() { return 0; }
<==
[1/1] Compiling [32mbuild/.conf_check_a483f89cb2b8760c1662d80180dd6fd4/test.cpp[0m

['/home/arshia/quick-start/rtems/6/bin/arm-rtems6-g++', '-MMD', '../test.cpp', '-c', '-o/home/arshia/quick-start/app/matnr/build/.conf_check_a483f89cb2b8760c1662d80180dd6fd4/testbuild/test.cpp.1.o']
yes
['/home/arshia/quick-start/rtems/6/bin/arm-rtems6-gcc', '--version']
out: arm-rtems6-gcc (GCC) 13.3.0 20240521 (RTEMS 6, RSB edc391f7985dd3f6f18db0c7562963618a31e51b-modified, Newlib 1b3dcfd)
Copyright (C) 2023 Free Software Foundation, Inc.
This is free software; see the source for copying conditions.  There is NO
warranty; not even for MERCHANTABILITY or FITNESS FOR A PARTICULAR PURPOSE.


-----------------------------------------
Compiler version (arm-rtems6-gcc)
13.3.0 20240521 (RTEMS 6, RSB edc391f7985dd3f6f18db0c7562963618a31e51b-modified, Newlib 1b3dcfd)
Opening and load pkgconfig: /home/arshia/quick-start/rtems/6/lib/pkgconfig/arm-rtems6-xilinx_zynq_a9_qemu.pc
-----------------------------------------
CFLAGS ->
   -march=armv7-a -mthumb -mfpu=neon -mfloat-abi=hard -mtune=cortex-a9 -isystem/home/arshia/quick-start/rtems/6/arm-rtems6/xilinx_zynq_a9_qemu/lib/include
LDFLAGS ->
   -B/home/arshia/quick-start/rtems/6/arm-rtems6/xilinx_zynq_a9_qemu/lib -qrtems -Wl,--gc-sections
LIB ->
pkconfig warning: Label not found: LIB
  
-------------------------------------------
Checking for a valid RTEMS BSP installation
==>
#include <rtems.h>
void Init(rtems_task_argument arg) { (void)arg; }
#define CONFIGURE_APPLICATION_DOES_NOT_NEED_CLOCK_DRIVER
#define CONFIGURE_MAXIMUM_TASKS 1
#define CONFIGURE_RTEMS_INIT_TASKS_TABLE
#define CONFIGURE_INIT
#include <rtems/confdefs.h>
<==
[1/2] Compiling [32mbuild/.conf_check_261484d99ea5da27480d47dee9a30c04/test.c[0m

['/home/arshia/quick-start/rtems/6/bin/arm-rtems6-gcc', '-march=armv7-a', '-mthumb', '-mfpu=neon', '-mfloat-abi=hard', '-mtune=cortex-a9', '-isystem/home/arshia/quick-start/rtems/6/arm-rtems6/xilinx_zynq_a9_qemu/lib/include', '-MMD', '../test.c', '-c', '-o/home/arshia/quick-start/app/matnr/build/.conf_check_261484d99ea5da27480d47dee9a30c04/testbuild/test.c.1.o']
[2/2] Linking [33mbuild/.conf_check_261484d99ea5da27480d47dee9a30c04/testbuild/testprog[0m

['/home/arshia/quick-start/rtems/6/bin/arm-rtems6-gcc', '-march=armv7-a', '-mthumb', '-mfpu=neon', '-mfloat-abi=hard', '-mtune=cortex-a9', '-isystem/home/arshia/quick-start/rtems/6/arm-rtems6/xilinx_zynq_a9_qemu/lib/include', '-MMD', '-B/home/arshia/quick-start/rtems/6/arm-rtems6/xilinx_zynq_a9_qemu/lib', '-qrtems', '-Wl,--gc-sections', 'test.c.1.o', '-o/home/arshia/quick-start/app/matnr/build/.conf_check_261484d99ea5da27480d47dee9a30c04/testbuild/testprog', '-Wl,-Bstatic', '-Wl,-Bdynamic']
yes
-------------------------------------------
Checking for RTEMS_DEBUG
==>
#include <rtems.h>
#ifndef RTEMS_DEBUG
  #error RTEMS_DEBUG is not defined
#endif
#if RTEMS_DEBUG
  /* RTEMS_DEBUG is true */
#else
  #error RTEMS_DEBUG is false
#endif
void Init(rtems_task_argument arg) { (void)arg; }
#define CONFIGURE_APPLICATION_DOES_NOT_NEED_CLOCK_DRIVER
#define CONFIGURE_MAXIMUM_TASKS 1
#define CONFIGURE_RTEMS_INIT_TASKS_TABLE
#define CONFIGURE_INIT
#include <rtems/confdefs.h>
<==
[1/2] Compiling [32mbuild/.conf_check_d1138cde491707077f06f6a5aee1cc95/test.c[0m

['/home/arshia/quick-start/rtems/6/bin/arm-rtems6-gcc', '-march=armv7-a', '-mthumb', '-mfpu=neon', '-mfloat-abi=hard', '-mtune=cortex-a9', '-isystem/home/arshia/quick-start/rtems/6/arm-rtems6/xilinx_zynq_a9_qemu/lib/include', '-MMD', '../test.c', '-c', '-o/home/arshia/quick-start/app/matnr/build/.conf_check_d1138cde491707077f06f6a5aee1cc95/testbuild/test.c.1.o']
err: ../test.c:3:4: error: #error RTEMS_DEBUG is not defined
    3 |   #error RTEMS_DEBUG is not defined
      |    ^~~~~
../test.c:8:4: error: #error RTEMS_DEBUG is false
    8 |   #error RTEMS_DEBUG is false
      |    ^~~~~

from /home/arshia/quick-start/app/matnr: Test does not build: Traceback (most recent call last):
  File "/home/arshia/quick-start/app/matnr/.waf3-2.0.19-1f3c580272b15a03d2566843c5fe872a/waflib/Configure.py", line 333, in run_build
    bld.compile()
  File "/home/arshia/quick-start/app/matnr/.waf3-2.0.19-1f3c580272b15a03d2566843c5fe872a/waflib/Build.py", line 176, in compile
    raise Errors.BuildError(self.producer.error)
waflib.Errors.BuildError: Build failed
 -> task in 'testprog' failed with exit status 1 (run with -v to display more information)

no
from /home/arshia/quick-start/app/matnr: The configuration failed
-------------------------------------------
Checking for RTEMS_MULTIPROCESSING
==>
#include <rtems.h>
#ifndef RTEMS_MULTIPROCESSING
  #error RTEMS_MULTIPROCESSING is not defined
#endif
#if RTEMS_MULTIPROCESSING
  /* RTEMS_MULTIPROCESSING is true */
#else
  #error RTEMS_MULTIPROCESSING is false
#endif
void Init(rtems_task_argument arg) { (void)arg; }
#define CONFIGURE_APPLICATION_DOES_NOT_NEED_CLOCK_DRIVER
#define CONFIGURE_MAXIMUM_TASKS 1
#define CONFIGURE_RTEMS_INIT_TASKS_TABLE
#define CONFIGURE_INIT
#include <rtems/confdefs.h>
<==
[1/2] Compiling [32mbuild/.conf_check_e7c1b86201b201f3c15da2c2f5bb58bc/test.c[0m

['/home/arshia/quick-start/rtems/6/bin/arm-rtems6-gcc', '-march=armv7-a', '-mthumb', '-mfpu=neon', '-mfloat-abi=hard', '-mtune=cortex-a9', '-isystem/home/arshia/quick-start/rtems/6/arm-rtems6/xilinx_zynq_a9_qemu/lib/include', '-MMD', '../test.c', '-c', '-o/home/arshia/quick-start/app/matnr/build/.conf_check_e7c1b86201b201f3c15da2c2f5bb58bc/testbuild/test.c.1.o']
err: ../test.c:3:4: error: #error RTEMS_MULTIPROCESSING is not defined
    3 |   #error RTEMS_MULTIPROCESSING is not defined
      |    ^~~~~
../test.c:8:4: error: #error RTEMS_MULTIPROCESSING is false
    8 |   #error RTEMS_MULTIPROCESSING is false
      |    ^~~~~

from /home/arshia/quick-start/app/matnr: Test does not build: Traceback (most recent call last):
  File "/home/arshia/quick-start/app/matnr/.waf3-2.0.19-1f3c580272b15a03d2566843c5fe872a/waflib/Configure.py", line 333, in run_build
    bld.compile()
  File "/home/arshia/quick-start/app/matnr/.waf3-2.0.19-1f3c580272b15a03d2566843c5fe872a/waflib/Build.py", line 176, in compile
    raise Errors.BuildError(self.producer.error)
waflib.Errors.BuildError: Build failed
 -> task in 'testprog' failed with exit status 1 (run with -v to display more information)

no
from /home/arshia/quick-start/app/matnr: The configuration failed
-------------------------------------------
Checking for RTEMS_NEWLIB
==>
#include <rtems.h>
#ifndef RTEMS_NEWLIB
  #error RTEMS_NEWLIB is not defined
#endif
#if RTEMS_NEWLIB
  /* RTEMS_NEWLIB is true */
#else
  #error RTEMS_NEWLIB is false
#endif
void Init(rtems_task_argument arg) { (void)arg; }
#define CONFIGURE_APPLICATION_DOES_NOT_NEED_CLOCK_DRIVER
#define CONFIGURE_MAXIMUM_TASKS 1
#define CONFIGURE_RTEMS_INIT_TASKS_TABLE
#define CONFIGURE_INIT
#include <rtems/confdefs.h>
<==
[1/2] Compiling [32mbuild/.conf_check_41cb4e050210a61cff716d2adb997862/test.c[0m

['/home/arshia/quick-start/rtems/6/bin/arm-rtems6-gcc', '-march=armv7-a', '-mthumb', '-mfpu=neon', '-mfloat-abi=hard', '-mtune=cortex-a9', '-isystem/home/arshia/quick-start/rtems/6/arm-rtems6/xilinx_zynq_a9_qemu/lib/include', '-MMD', '../test.c', '-c', '-o/home/arshia/quick-start/app/matnr/build/.conf_check_41cb4e050210a61cff716d2adb997862/testbuild/test.c.1.o']
[2/2] Linking [33mbuild/.conf_check_41cb4e050210a61cff716d2adb997862/testbuild/testprog[0m

['/home/arshia/quick-start/rtems/6/bin/arm-rtems6-gcc', '-march=armv7-a', '-mthumb', '-mfpu=neon', '-mfloat-abi=hard', '-mtune=cortex-a9', '-isystem/home/arshia/quick-start/rtems/6/arm-rtems6/xilinx_zynq_a9_qemu/lib/include', '-MMD', '-B/home/arshia/quick-start/rtems/6/arm-rtems6/xilinx_zynq_a9_qemu/lib', '-qrtems', '-Wl,--gc-sections', 'test.c.1.o', '-o/home/arshia/quick-start/app/matnr/build/.conf_check_41cb4e050210a61cff716d2adb997862/testbuild/testprog', '-Wl,-Bstatic', '-Wl,-Bdynamic']
yes
-------------------------------------------
Checking for RTEMS_POSIX_API
==>
#include <rtems.h>
#ifndef RTEMS_POSIX_API
  #error RTEMS_POSIX_API is not defined
#endif
#if RTEMS_POSIX_API
  /* RTEMS_POSIX_API is true */
#else
  #error RTEMS_POSIX_API is false
#endif
void Init(rtems_task_argument arg) { (void)arg; }
#define CONFIGURE_APPLICATION_DOES_NOT_NEED_CLOCK_DRIVER
#define CONFIGURE_MAXIMUM_TASKS 1
#define CONFIGURE_RTEMS_INIT_TASKS_TABLE
#define CONFIGURE_INIT
#include <rtems/confdefs.h>
<==
[1/2] Compiling [32mbuild/.conf_check_1ca9fc3cbc4f7470b61b140f4bbf5710/test.c[0m

['/home/arshia/quick-start/rtems/6/bin/arm-rtems6-gcc', '-march=armv7-a', '-mthumb', '-mfpu=neon', '-mfloat-abi=hard', '-mtune=cortex-a9', '-isystem/home/arshia/quick-start/rtems/6/arm-rtems6/xilinx_zynq_a9_qemu/lib/include', '-MMD', '../test.c', '-c', '-o/home/arshia/quick-start/app/matnr/build/.conf_check_1ca9fc3cbc4f7470b61b140f4bbf5710/testbuild/test.c.1.o']
[2/2] Linking [33mbuild/.conf_check_1ca9fc3cbc4f7470b61b140f4bbf5710/testbuild/testprog[0m

['/home/arshia/quick-start/rtems/6/bin/arm-rtems6-gcc', '-march=armv7-a', '-mthumb', '-mfpu=neon', '-mfloat-abi=hard', '-mtune=cortex-a9', '-isystem/home/arshia/quick-start/rtems/6/arm-rtems6/xilinx_zynq_a9_qemu/lib/include', '-MMD', '-B/home/arshia/quick-start/rtems/6/arm-rtems6/xilinx_zynq_a9_qemu/lib', '-qrtems', '-Wl,--gc-sections', 'test.c.1.o', '-o/home/arshia/quick-start/app/matnr/build/.conf_check_1ca9fc3cbc4f7470b61b140f4bbf5710/testbuild/testprog', '-Wl,-Bstatic', '-Wl,-Bdynamic']
yes
-------------------------------------------
Checking for RTEMS_SMP
==>
#include <rtems.h>
#ifndef RTEMS_SMP
  #error RTEMS_SMP is not defined
#endif
#if RTEMS_SMP
  /* RTEMS_SMP is true */
#else
  #error RTEMS_SMP is false
#endif
void Init(rtems_task_argument arg) { (void)arg; }
#define CONFIGURE_APPLICATION_DOES_NOT_NEED_CLOCK_DRIVER
#define CONFIGURE_MAXIMUM_TASKS 1
#define CONFIGURE_RTEMS_INIT_TASKS_TABLE
#define CONFIGURE_INIT
#include <rtems/confdefs.h>
<==
[1/2] Compiling [32mbuild/.conf_check_cacc7aa2df0ad628cae5585ef9e6e1ef/test.c[0m

['/home/arshia/quick-start/rtems/6/bin/arm-rtems6-gcc', '-march=armv7-a', '-mthumb', '-mfpu=neon', '-mfloat-abi=hard', '-mtune=cortex-a9', '-isystem/home/arshia/quick-start/rtems/6/arm-rtems6/xilinx_zynq_a9_qemu/lib/include', '-MMD', '../test.c', '-c', '-o/home/arshia/quick-start/app/matnr/build/.conf_check_cacc7aa2df0ad628cae5585ef9e6e1ef/testbuild/test.c.1.o']
err: ../test.c:3:4: error: #error RTEMS_SMP is not defined
    3 |   #error RTEMS_SMP is not defined
      |    ^~~~~
../test.c:8:4: error: #error RTEMS_SMP is false
    8 |   #error RTEMS_SMP is false
      |    ^~~~~

from /home/arshia/quick-start/app/matnr: Test does not build: Traceback (most recent call last):
  File "/home/arshia/quick-start/app/matnr/.waf3-2.0.19-1f3c580272b15a03d2566843c5fe872a/waflib/Configure.py", line 333, in run_build
    bld.compile()
  File "/home/arshia/quick-start/app/matnr/.waf3-2.0.19-1f3c580272b15a03d2566843c5fe872a/waflib/Build.py", line 176, in compile
    raise Errors.BuildError(self.producer.error)
waflib.Errors.BuildError: Build failed
 -> task in 'testprog' failed with exit status 1 (run with -v to display more information)

no
from /home/arshia/quick-start/app/matnr: The configuration failed
-------------------------------------------
Checking for RTEMS_NETWORKING
==>
#include <rtems.h>
#ifndef RTEMS_NETWORKING
  #error RTEMS_NETWORKING is not defined
#endif
#if RTEMS_NETWORKING
  /* RTEMS_NETWORKING is true */
#else
  #error RTEMS_NETWORKING is false
#endif
void Init(rtems_task_argument arg) { (void)arg; }
#define CONFIGURE_APPLICATION_DOES_NOT_NEED_CLOCK_DRIVER
#define CONFIGURE_MAXIMUM_TASKS 1
#define CONFIGURE_RTEMS_INIT_TASKS_TABLE
#define CONFIGURE_INIT
#include <rtems/confdefs.h>
<==
[1/2] Compiling [32mbuild/.conf_check_25873bbb9770e7b69177cf36166475ce/test.c[0m

['/home/arshia/quick-start/rtems/6/bin/arm-rtems6-gcc', '-march=armv7-a', '-mthumb', '-mfpu=neon', '-mfloat-abi=hard', '-mtune=cortex-a9', '-isystem/home/arshia/quick-start/rtems/6/arm-rtems6/xilinx_zynq_a9_qemu/lib/include', '-MMD', '../test.c', '-c', '-o/home/arshia/quick-start/app/matnr/build/.conf_check_25873bbb9770e7b69177cf36166475ce/testbuild/test.c.1.o']
err: ../test.c:3:4: error: #error RTEMS_NETWORKING is not defined
    3 |   #error RTEMS_NETWORKING is not defined
      |    ^~~~~
../test.c:8:4: error: #error RTEMS_NETWORKING is false
    8 |   #error RTEMS_NETWORKING is false
      |    ^~~~~

from /home/arshia/quick-start/app/matnr: Test does not build: Traceback (most recent call last):
  File "/home/arshia/quick-start/app/matnr/.waf3-2.0.19-1f3c580272b15a03d2566843c5fe872a/waflib/Configure.py", line 333, in run_build
    bld.compile()
  File "/home/arshia/quick-start/app/matnr/.waf3-2.0.19-1f3c580272b15a03d2566843c5fe872a/waflib/Build.py", line 176, in compile
    raise Errors.BuildError(self.producer.error)
waflib.Errors.BuildError: Build failed
 -> task in 'testprog' failed with exit status 1 (run with -v to display more information)

no
from /home/arshia/quick-start/app/matnr: The configuration failed
